TN:
SF:src/feature.ts
FN:5,get
FN:8,register
FN:13,getRequireContexts
FNF:3
FNH:3
FNDA:27,get
FNDA:27,register
FNDA:27,getRequireContexts
DA:1,1
DA:2,1
DA:3,1
DA:4,1
DA:5,1
DA:6,1
DA:7,1
DA:8,1
DA:9,27
DA:10,27
DA:11,27
DA:12,27
DA:13,27
DA:14,27
DA:15,27
DA:16,1
DA:17,1
DA:18,1
LF:18
LH:18
BRDA:5,0,0,27
BRDA:8,1,0,27
BRDA:13,2,0,27
BRF:3
BRH:3
end_of_record
TN:
SF:src/channel-listeners/enlist-message-channel-listener.injectable.ts
FN:28,get
FN:9,instantiate
FN:13,nativeOnCallback
FNF:3
FNH:3
FNDA:54,get
FNDA:8,instantiate
FNDA:5,nativeOnCallback
DA:1,1
DA:2,1
DA:3,1
DA:4,1
DA:5,1
DA:6,1
DA:7,1
DA:8,1
DA:9,1
DA:10,8
DA:11,8
DA:12,8
DA:13,8
DA:14,5
DA:15,5
DA:16,8
DA:17,8
DA:18,8
DA:19,8
DA:20,1
DA:21,1
DA:22,8
DA:23,8
DA:24,1
DA:25,1
DA:26,1
DA:27,1
DA:28,1
LF:28
LH:28
BRDA:28,0,0,54
BRDA:9,1,0,8
BRDA:12,2,0,8
BRDA:13,3,0,5
BRDA:19,4,0,1
BRF:5
BRH:5
end_of_record
TN:
SF:src/channel-listeners/enlist-request-channel-listener.injectable.ts
FN:31,get
FN:14,instantiate
FN:18,nativeHandleCallback
FNF:3
FNH:3
FNDA:40,get
FNDA:13,instantiate
FNDA:10,nativeHandleCallback
DA:1,1
DA:2,1
DA:3,1
DA:4,1
DA:5,1
DA:6,1
DA:7,1
DA:8,1
DA:9,1
DA:10,1
DA:11,1
DA:12,1
DA:13,1
DA:14,1
DA:15,13
DA:16,13
DA:17,13
DA:18,13
DA:19,13
DA:20,13
DA:21,13
DA:22,13
DA:23,1
DA:24,1
DA:25,13
DA:26,13
DA:27,1
DA:28,1
DA:29,1
DA:30,1
DA:31,1
LF:31
LH:31
BRDA:31,0,0,40
BRDA:14,1,0,13
BRDA:17,2,0,13
BRDA:18,3,0,10
BRDA:22,4,0,1
BRF:5
BRH:5
end_of_record
TN:
SF:src/ipc-main/ipc-main.injectable.ts
FN:10,get
FN:6,instantiate
FNF:2
FNH:2
FNDA:70,get
FNDA:1,instantiate
DA:1,1
DA:2,1
DA:3,1
DA:4,1
DA:5,1
DA:6,1
DA:7,1
DA:8,1
DA:9,1
DA:10,1
LF:10
LH:10
BRDA:10,0,0,70
BRDA:6,1,0,1
BRF:2
BRH:2
end_of_record
TN:
SF:src/request-from-channel/request-from-channel.injectable.ts
FN:22,get
FN:12,instantiate
FNF:2
FNH:2
FNDA:1,get
FNDA:1,instantiate
DA:1,1
DA:2,1
DA:3,1
DA:4,1
DA:5,1
DA:6,1
DA:7,1
DA:8,1
DA:9,1
DA:10,1
DA:11,1
DA:12,1
DA:13,1
DA:14,1
DA:15,1
DA:16,1
DA:17,1
DA:18,1
DA:19,1
DA:20,1
DA:21,1
DA:22,1
DA:23,1
LF:23
LH:23
BRDA:22,0,0,1
BRF:1
BRH:1
end_of_record
TN:
SF:src/send-message-to-channel/allow-communication-listener.injectable.ts
FN:21,get
FN:12,getHandler
FNF:2
FNH:2
FNDA:29,get
FNDA:2,getHandler
DA:1,1
DA:2,1
DA:3,1
DA:4,1
DA:5,1
DA:6,1
DA:7,1
DA:8,1
DA:9,1
DA:10,1
DA:11,1
DA:12,1
DA:13,2
DA:14,2
DA:15,2
DA:16,4
DA:17,4
DA:18,2
DA:19,1
DA:20,1
DA:21,1
LF:21
LH:21
BRDA:21,0,0,29
BRDA:12,1,0,2
BRDA:15,2,0,4
BRF:3
BRH:3
end_of_record
TN:
SF:src/send-message-to-channel/frameIds.injectable.ts
FN:8,get
FN:5,instantiate
FNF:2
FNH:2
FNDA:34,get
FNDA:5,instantiate
DA:1,1
DA:2,1
DA:3,1
DA:4,1
DA:5,1
DA:6,1
DA:7,1
DA:8,1
LF:8
LH:8
BRDA:8,0,0,34
BRDA:5,1,0,5
BRF:2
BRH:2
end_of_record
TN:
SF:src/send-message-to-channel/get-web-contents.injectable.ts
FN:11,get
FN:7,instantiate
FNF:2
FNH:2
FNDA:1,get
FNDA:1,instantiate
DA:1,1
DA:2,1
DA:3,1
DA:4,1
DA:5,1
DA:6,1
DA:7,1
DA:8,1
DA:9,1
DA:10,1
DA:11,1
DA:12,1
LF:12
LH:12
BRDA:11,0,0,1
BRF:1
BRH:1
end_of_record
TN:
SF:src/send-message-to-channel/send-message-to-channel.injectable.ts
FN:48,get
FN:9,isDestroyed
FN:10,isCrashed
FN:13,forEach
FN:20,instantiate
FN:31,map.frameId.frameId
FNF:6
FNH:6
FNDA:27,get
FNDA:8,isDestroyed
FNDA:7,isCrashed
FNDA:5,forEach
FNDA:5,instantiate
FNDA:6,map.frameId.frameId
DA:1,1
DA:2,1
DA:3,1
DA:4,1
DA:5,1
DA:6,1
DA:7,1
DA:8,1
DA:9,1
DA:10,1
DA:11,1
DA:12,1
DA:13,1
DA:14,5
DA:15,5
DA:16,1
DA:17,1
DA:18,1
DA:19,1
DA:20,1
DA:21,5
DA:22,5
DA:23,5
DA:24,5
DA:25,5
DA:26,5
DA:27,5
DA:28,5
DA:29,5
DA:30,5
DA:31,6
DA:32,6
DA:33,6
DA:34,8
DA:35,8
DA:36,6
DA:37,5
DA:38,5
DA:39,14
DA:40,14
DA:41,5
DA:42,5
DA:43,5
DA:44,1
DA:45,1
DA:46,1
DA:47,1
DA:48,1
LF:48
LH:48
BRDA:48,0,0,27
BRDA:9,1,0,8
BRDA:10,2,0,7
BRDA:13,3,0,5
BRDA:14,4,0,5
BRDA:20,5,0,5
BRDA:24,6,0,5
BRDA:30,7,0,6
BRDA:31,8,0,6
BRDA:33,9,0,8
BRDA:33,10,0,8
BRDA:38,11,0,14
BRF:12
BRH:12
end_of_record
