TN:
SF:src/feature.ts
FN:5,get
FN:10,register
FN:15,getRequireContexts
FNF:3
FNH:3
FNDA:90,get
FNDA:90,register
FNDA:90,getRequireContexts
DA:1,1
DA:2,1
DA:3,1
DA:4,1
DA:5,1
DA:6,1
DA:7,1
DA:8,1
DA:9,1
DA:10,1
DA:11,90
DA:12,90
DA:13,90
DA:14,90
DA:15,90
DA:16,90
DA:17,90
DA:18,1
LF:18
LH:18
BRDA:5,0,0,90
BRDA:10,1,0,90
BRDA:15,2,0,90
BRF:3
BRH:3
end_of_record
TN:
SF:src/computed-channel/computed-channel-administration-channel.injectable.ts
FN:20,getHandler
FN:36,sendMessageToChannel.id
FN:37,disposer.fireImmediately
FNF:3
FNH:3
FNDA:90,getHandler
FNDA:53,sendMessageToChannel.id
FNDA:53,disposer.fireImmediately
DA:1,1
DA:2,1
DA:3,1
DA:4,1
DA:5,1
DA:6,1
DA:7,1
DA:8,1
DA:9,1
DA:10,1
DA:11,1
DA:12,1
DA:13,1
DA:14,1
DA:15,1
DA:16,1
DA:17,1
DA:18,1
DA:19,1
DA:20,1
DA:21,90
DA:22,90
DA:23,90
DA:24,90
DA:25,90
DA:26,65
DA:27,48
DA:28,48
DA:29,48
DA:30,48
DA:31,48
DA:32,1
DA:33,1
DA:34,47
DA:35,47
DA:36,47
DA:37,47
DA:38,53
DA:39,53
DA:40,53
DA:41,53
DA:42,53
DA:43,53
DA:44,47
DA:45,47
DA:46,47
DA:47,47
DA:48,47
DA:49,47
DA:50,47
DA:51,65
DA:52,17
DA:53,17
DA:54,17
DA:55,17
DA:56,65
DA:57,90
DA:58,1
LF:58
LH:58
BRDA:20,0,0,90
BRDA:25,1,0,65
BRDA:26,2,0,48
BRDA:31,3,0,1
BRDA:34,4,0,47
BRDA:51,5,0,17
BRDA:29,6,0,49
BRDA:36,7,0,53
BRDA:37,8,0,53
BRF:9
BRH:9
end_of_record
TN:
SF:src/computed-channel/computed-channel.injectable.ts
FN:38,instantiate
FN:50,getHandler
FNF:2
FNH:2
FNDA:45,instantiate
FNDA:47,getHandler
DA:1,1
DA:2,1
DA:3,1
DA:4,1
DA:5,1
DA:6,1
DA:7,1
DA:8,1
DA:9,1
DA:10,1
DA:11,1
DA:12,1
DA:13,1
DA:14,1
DA:15,1
DA:16,1
DA:17,1
DA:18,1
DA:19,1
DA:20,1
DA:21,1
DA:22,1
DA:23,1
DA:24,1
DA:25,1
DA:26,1
DA:27,1
DA:28,1
DA:29,1
DA:30,1
DA:31,1
DA:32,1
DA:33,1
DA:34,1
DA:35,1
DA:36,1
DA:37,1
DA:38,1
DA:39,45
DA:40,45
DA:41,45
DA:42,47
DA:43,47
DA:44,47
DA:45,47
DA:46,47
DA:47,47
DA:48,47
DA:49,47
DA:50,47
DA:51,50
DA:52,50
DA:53,50
DA:54,50
DA:55,47
DA:56,47
DA:57,47
DA:58,47
DA:59,47
DA:60,47
DA:61,47
DA:62,51
DA:63,51
DA:64,51
DA:65,51
DA:66,51
DA:67,51
DA:68,51
DA:69,51
DA:70,51
DA:71,47
DA:72,47
DA:73,18
DA:74,18
DA:75,18
DA:76,18
DA:77,18
DA:78,18
DA:79,18
DA:80,18
DA:81,18
DA:82,47
DA:83,47
DA:84,47
DA:85,45
DA:86,1
DA:87,1
DA:88,1
DA:89,1
DA:90,1
LF:90
LH:90
BRDA:38,0,0,45
BRDA:41,1,0,47
BRDA:44,2,0,101
BRDA:50,3,0,47
BRDA:50,4,0,50
BRDA:51,5,0,50
BRDA:57,6,0,47
BRDA:61,7,0,51
BRDA:62,8,0,51
BRDA:72,9,0,18
BRDA:73,10,0,18
BRF:11
BRH:11
end_of_record
TN:
SF:src/computed-channel/duplicate-channel-observer-guard.injectable.ts
FN:9,get
FN:12,instantiate
FN:16,run
FNF:3
FNH:3
FNDA:90,get
FNDA:90,instantiate
FNDA:90,run
DA:1,1
DA:2,1
DA:3,1
DA:4,1
DA:5,1
DA:6,1
DA:7,1
DA:8,1
DA:9,1
DA:10,1
DA:11,1
DA:12,1
DA:13,90
DA:14,90
DA:15,90
DA:16,90
DA:17,90
DA:18,90
DA:19,90
DA:20,47
DA:21,47
DA:22,47
DA:23,47
DA:24,47
DA:25,47
DA:26,47
DA:27,47
DA:28,47
DA:29,2
DA:30,2
DA:31,2
DA:32,2
DA:33,2
DA:34,2
DA:35,47
DA:36,90
DA:37,90
DA:38,90
DA:39,90
DA:40,1
DA:41,1
DA:42,1
LF:42
LH:42
BRDA:9,0,0,90
BRDA:12,1,0,90
BRDA:16,2,0,90
BRDA:18,3,0,137
BRDA:19,4,0,47
BRDA:28,5,0,2
BRDA:22,6,0,51
BRDA:24,7,0,49
BRF:8
BRH:8
end_of_record
