TN:
SF:src/get-message-bridge-fake/get-message-bridge-fake.ts
FN:157,get
FN:31,overrideMessaging
FN:96,overrideRequesting
FN:157,getMessageBridgeFake
FN:163,messagePropagation
FN:163,wrapper
FN:170,messagePropagationRecursive
FN:171,wrapper
FN:179,getAsyncModeStatus
FN:182,involve
FN:199,setAsync
FNF:11
FNH:11
FNDA:28,get
FNDA:84,overrideMessaging
FNDA:84,overrideRequesting
FNDA:28,getMessageBridgeFake
FNDA:9,messagePropagation
FNDA:1,wrapper
FNDA:3,messagePropagationRecursive
FNDA:2,wrapper
FNDA:19,getAsyncModeStatus
FNDA:28,involve
FNDA:16,setAsync
DA:1,1
DA:2,1
DA:3,1
DA:4,1
DA:5,1
DA:6,1
DA:7,1
DA:8,1
DA:9,1
DA:10,1
DA:11,1
DA:12,1
DA:13,1
DA:14,1
DA:15,1
DA:16,1
DA:17,1
DA:18,1
DA:19,1
DA:20,1
DA:21,1
DA:22,1
DA:23,1
DA:24,1
DA:25,1
DA:26,1
DA:27,1
DA:28,1
DA:29,1
DA:30,1
DA:31,1
DA:32,84
DA:33,84
DA:34,84
DA:35,84
DA:36,84
DA:37,84
DA:38,84
DA:39,84
DA:40,84
DA:41,84
DA:42,84
DA:43,84
DA:44,84
DA:45,84
DA:46,84
DA:47,84
DA:48,84
DA:49,84
DA:50,21
DA:51,21
DA:52,21
DA:53,42
DA:54,42
DA:55,42
DA:56,42
DA:57,42
DA:58,23
DA:59,23
DA:60,19
DA:61,42
DA:62,12
DA:63,12
DA:64,12
DA:65,9
DA:66,9
DA:67,12
DA:68,12
DA:69,42
DA:70,7
DA:71,7
DA:72,42
DA:73,21
DA:74,84
DA:75,84
DA:76,84
DA:77,84
DA:78,84
DA:79,47
DA:80,28
DA:81,28
DA:82,47
DA:83,47
DA:84,47
DA:85,47
DA:86,47
DA:87,47
DA:88,2
DA:89,2
DA:90,47
DA:91,84
DA:92,84
DA:93,1
DA:94,1
DA:95,1
DA:96,1
DA:97,84
DA:98,84
DA:99,84
DA:100,84
DA:101,84
DA:102,84
DA:103,84
DA:104,84
DA:105,84
DA:106,84
DA:107,84
DA:108,84
DA:109,84
DA:110,84
DA:111,12
DA:112,12
DA:113,12
DA:114,12
DA:115,12
DA:116,12
DA:117,12
DA:118,12
DA:119,2
DA:120,2
DA:121,2
DA:122,2
DA:123,10
DA:124,12
DA:125,2
DA:126,2
DA:127,2
DA:128,2
DA:129,8
DA:130,8
DA:131,8
DA:132,8
DA:133,8
DA:134,8
DA:135,8
DA:136,8
DA:137,12
DA:138,12
DA:139,84
DA:140,84
DA:141,84
DA:142,84
DA:143,30
DA:144,30
DA:145,30
DA:146,30
DA:147,30
DA:148,30
DA:149,30
DA:150,30
DA:151,30
DA:152,2
DA:153,2
DA:154,30
DA:155,84
DA:156,1
DA:157,1
DA:158,28
DA:159,28
DA:160,28
DA:161,28
DA:162,28
DA:163,28
DA:164,9
DA:165,9
DA:166,9
DA:167,9
DA:168,9
DA:169,28
DA:170,28
DA:171,3
DA:172,3
DA:173,3
DA:174,6
DA:175,6
DA:176,3
DA:177,28
DA:178,28
DA:179,28
DA:180,28
DA:181,28
DA:182,28
DA:183,28
DA:184,84
DA:185,84
DA:186,84
DA:187,84
DA:188,84
DA:189,84
DA:190,84
DA:191,84
DA:192,84
DA:193,28
DA:194,28
DA:195,28
DA:196,28
DA:197,28
DA:198,28
DA:199,28
DA:200,16
DA:201,16
DA:202,28
DA:203,28
LF:203
LH:203
BRDA:157,0,0,28
BRDA:31,1,0,84
BRDA:49,2,0,21
BRDA:49,3,0,21
BRDA:50,4,0,63
BRDA:52,5,0,42
BRDA:57,6,0,23
BRDA:60,7,0,19
BRDA:61,8,0,12
BRDA:69,9,0,7
BRDA:64,10,0,9
BRDA:65,11,0,18
BRDA:70,12,0,13
BRDA:77,13,0,84
BRDA:78,14,0,47
BRDA:79,15,0,28
BRDA:87,16,0,2
BRDA:96,17,0,84
BRDA:110,18,0,12
BRDA:111,19,0,12
BRDA:114,20,0,36
BRDA:115,21,0,36
BRDA:117,22,0,12
BRDA:118,23,0,2
BRDA:123,24,0,10
BRDA:124,25,0,2
BRDA:129,26,0,8
BRDA:138,27,0,8
BRDA:142,28,0,84
BRDA:142,29,0,30
BRDA:151,30,0,2
BRDA:157,31,0,28
BRDA:163,32,0,9
BRDA:163,33,0,1
BRDA:167,34,0,9
BRDA:170,35,0,3
BRDA:173,36,0,6
BRDA:171,37,0,2
BRDA:179,38,0,19
BRDA:182,39,0,28
BRDA:183,40,0,84
BRDA:199,41,0,16
BRF:42
BRH:42
end_of_record
