TN:
SF:src/feature.ts
FN:4,get
FN:7,register
FN:12,getRequireContexts
FNF:3
FNH:3
FNDA:5,get
FNDA:5,register
FNDA:5,getRequireContexts
DA:1,1
DA:2,1
DA:3,1
DA:4,1
DA:5,1
DA:6,1
DA:7,1
DA:8,5
DA:9,5
DA:10,5
DA:11,5
DA:12,5
DA:13,5
DA:14,5
DA:15,1
LF:15
LH:15
BRDA:4,0,0,5
BRDA:7,1,0,5
BRDA:12,2,0,5
BRF:3
BRH:3
end_of_record
TN:
SF:src/start-application/start-application.injectable.ts
FN:14,instantiate
FNF:1
FNH:1
FNDA:5,instantiate
DA:1,1
DA:2,1
DA:3,1
DA:4,1
DA:5,1
DA:6,1
DA:7,1
DA:8,1
DA:9,1
DA:10,1
DA:11,1
DA:12,1
DA:13,1
DA:14,1
DA:15,5
DA:16,5
DA:17,5
DA:18,5
DA:19,5
DA:20,5
DA:21,5
DA:22,5
DA:23,5
DA:24,4
DA:25,3
DA:26,1
DA:27,5
DA:28,1
DA:29,1
DA:30,1
DA:31,1
DA:32,1
LF:32
LH:32
BRDA:14,0,0,5
BRDA:22,1,0,5
BRDA:23,2,0,4
BRDA:24,3,0,3
BRDA:25,4,0,1
BRF:5
BRH:5
end_of_record
TN:
SF:src/start-application/time-slots.ts
FNF:0
FNH:0
DA:1,1
DA:2,1
DA:3,1
DA:4,1
DA:5,1
DA:6,1
DA:7,1
DA:8,1
DA:9,1
DA:10,1
DA:11,1
DA:12,1
DA:13,1
DA:14,1
LF:14
LH:14
BRF:0
BRH:0
end_of_record
