TN:
SF:src/feature.ts
FN:5,get
FN:8,register
FN:12,getRequireContexts
FNF:3
FNH:3
FNDA:17,get
FNDA:17,register
FNDA:17,getRequireContexts
DA:1,1
DA:2,1
DA:3,1
DA:4,1
DA:5,1
DA:6,1
DA:7,1
DA:8,1
DA:9,17
DA:10,17
DA:11,17
DA:12,17
DA:13,17
DA:14,17
DA:15,1
DA:16,1
DA:17,1
LF:17
LH:17
BRDA:5,0,0,17
BRDA:8,1,0,17
BRDA:12,2,0,17
BRF:3
BRH:3
end_of_record
TN:
SF:src/invoke-shortcut.injectable.ts
FN:94,get
FN:13,toShortcutsWithMatchingScope
FN:30,toBindingWithDefaults
FN:50,toShortcutsWithMatchingBinding
FN:76,instantiate
FN:77,getShortcuts
FNF:6
FNH:6
FNDA:51,get
FNDA:18,toShortcutsWithMatchingScope
FNDA:122,toBindingWithDefaults
FNDA:31,toShortcutsWithMatchingBinding
FNDA:17,instantiate
FNDA:31,getShortcuts
DA:1,1
DA:2,1
DA:3,1
DA:4,1
DA:5,1
DA:6,1
DA:7,1
DA:8,1
DA:9,1
DA:10,1
DA:11,1
DA:12,1
DA:13,1
DA:14,18
DA:15,18
DA:16,18
DA:17,16
DA:18,16
DA:19,16
DA:20,16
DA:21,2
DA:22,2
DA:23,2
DA:24,2
DA:25,2
DA:26,2
DA:27,2
DA:28,2
DA:29,1
DA:30,1
DA:31,122
DA:32,94
DA:33,94
DA:34,94
DA:35,94
DA:36,94
DA:37,94
DA:38,94
DA:39,94
DA:40,28
DA:41,28
DA:42,28
DA:43,28
DA:44,28
DA:45,28
DA:46,28
DA:47,1
DA:48,1
DA:49,1
DA:50,1
DA:51,122
DA:52,122
DA:53,122
DA:54,122
DA:55,122
DA:56,122
DA:57,122
DA:58,122
DA:59,122
DA:60,122
DA:61,122
DA:62,122
DA:63,122
DA:64,122
DA:65,122
DA:66,22
DA:67,22
DA:68,21
DA:69,21
DA:70,122
DA:71,122
DA:72,1
DA:73,1
DA:74,1
DA:75,1
DA:76,1
DA:77,17
DA:78,17
DA:79,17
DA:80,17
DA:81,31
DA:82,31
DA:83,31
DA:84,31
DA:85,31
DA:86,31
DA:87,31
DA:88,12
DA:89,12
DA:90,31
DA:91,17
DA:92,1
DA:93,1
DA:94,1
LF:94
LH:94
BRDA:94,0,0,51
BRDA:13,1,0,18
BRDA:16,2,0,16
BRDA:21,3,0,2
BRDA:30,4,0,122
BRDA:31,5,0,94
BRDA:39,6,0,28
BRDA:50,7,0,31
BRDA:50,8,0,122
BRDA:59,9,0,39
BRDA:59,10,0,16
BRDA:62,11,0,53
BRDA:62,12,0,37
BRDA:65,13,0,22
BRDA:66,14,0,22
BRDA:67,15,0,21
BRDA:68,16,0,21
BRDA:76,17,0,17
BRDA:77,18,0,31
BRDA:80,19,0,31
BRDA:87,20,0,12
BRDA:88,21,0,14
BRF:22
BRH:22
end_of_record
TN:
SF:src/keyboard-shortcut-injection-token.ts
FN:20,get
FNF:1
FNH:1
FNDA:96,get
DA:1,1
DA:2,1
DA:3,1
DA:4,1
DA:5,1
DA:6,1
DA:7,1
DA:8,1
DA:9,1
DA:10,1
DA:11,1
DA:12,1
DA:13,1
DA:14,1
DA:15,1
DA:16,1
DA:17,1
DA:18,1
DA:19,1
DA:20,1
DA:21,1
DA:22,1
LF:22
LH:22
BRDA:20,0,0,96
BRF:1
BRH:1
end_of_record
TN:
SF:src/keyboard-shortcut-listener-react-application-hoc.injectable.tsx
FN:5,get
FN:7,instantiate
FNF:2
FNH:2
FNDA:17,get
FNDA:17,instantiate
DA:1,1
DA:2,1
DA:3,1
DA:4,1
DA:5,1
DA:6,1
DA:7,1
DA:8,1
DA:9,1
DA:10,1
LF:10
LH:10
BRDA:5,0,0,17
BRDA:7,1,0,17
BRF:2
BRH:2
end_of_record
TN:
SF:src/keyboard-shortcut-listener.tsx
FN:29,get
FN:14,NonInjectedKeyboardShortcutListener
FN:36,getProps
FNF:3
FNH:3
FNDA:17,get
FNDA:17,NonInjectedKeyboardShortcutListener
FNDA:17,getProps
DA:1,1
DA:2,1
DA:3,1
DA:4,1
DA:5,1
DA:6,1
DA:7,1
DA:8,1
DA:9,1
DA:10,1
DA:11,1
DA:12,1
DA:13,1
DA:14,1
DA:15,17
DA:16,17
DA:17,17
DA:18,17
DA:19,17
DA:20,17
DA:21,17
DA:22,17
DA:23,17
DA:24,17
DA:25,17
DA:26,17
DA:27,17
DA:28,1
DA:29,1
DA:30,1
DA:31,1
DA:32,1
DA:33,1
DA:34,1
DA:35,1
DA:36,1
DA:37,17
DA:38,17
DA:39,17
DA:40,1
DA:41,1
LF:41
LH:41
BRDA:29,0,0,17
BRDA:14,1,0,17
BRDA:18,2,0,17
BRDA:21,3,0,17
BRDA:36,4,0,17
BRF:5
BRH:5
end_of_record
TN:
SF:src/keyboard-shortcut-scope.tsx
FN:8,get
FN:8,KeyboardShortcutScope
FNF:2
FNH:2
FNDA:17,get
FNDA:17,KeyboardShortcutScope
DA:1,1
DA:2,1
DA:3,1
DA:4,1
DA:5,1
DA:6,1
DA:7,1
DA:8,1
DA:9,17
DA:10,17
DA:11,1
DA:12,1
LF:12
LH:12
BRDA:8,0,0,17
BRDA:8,1,0,17
BRF:2
BRH:2
end_of_record
TN:
SF:src/platform.injectable.ts
FN:7,instantiate
FNF:1
FNH:1
FNDA:11,instantiate
DA:1,1
DA:2,1
DA:3,1
DA:4,1
DA:5,1
DA:6,1
DA:7,1
DA:8,1
DA:9,1
DA:10,1
DA:11,1
LF:11
LH:11
BRDA:7,0,0,11
BRF:1
BRH:1
end_of_record
