TN:
SF:src/deregister-feature.ts
FN:69,get
FN:5,getDependingFeaturesFor
FN:8,getDependingFeaturesForRecursion
FN:23,deregisterFeatureRecursed
FN:69,deregisterFeature
FNF:5
FNH:5
FNDA:19,get
FNDA:40,getDependingFeaturesFor
FNDA:77,getDependingFeaturesForRecursion
FNDA:42,deregisterFeatureRecursed
FNDA:19,deregisterFeature
DA:1,1
DA:2,1
DA:3,1
DA:4,1
DA:5,1
DA:6,40
DA:7,40
DA:8,40
DA:9,77
DA:10,77
DA:11,77
DA:12,30
DA:13,37
DA:14,30
DA:15,30
DA:16,47
DA:17,77
DA:18,77
DA:19,40
DA:20,40
DA:21,40
DA:22,1
DA:23,1
DA:24,42
DA:25,42
DA:26,42
DA:27,42
DA:28,42
DA:29,2
DA:30,2
DA:31,40
DA:32,40
DA:33,40
DA:34,40
DA:35,40
DA:36,40
DA:37,40
DA:38,42
DA:39,4
DA:40,4
DA:41,4
DA:42,4
DA:43,4
DA:44,4
DA:45,36
DA:46,42
DA:47,19
DA:48,19
DA:49,19
DA:50,19
DA:51,19
DA:52,19
DA:53,19
DA:54,14
DA:55,14
DA:56,19
DA:57,36
DA:58,41
DA:59,23
DA:60,23
DA:61,23
DA:62,23
DA:63,36
DA:64,42
DA:65,19
DA:66,19
DA:67,42
DA:68,1
DA:69,1
DA:70,19
DA:71,23
DA:72,23
DA:73,19
LF:73
LH:73
BRDA:69,0,0,19
BRDA:5,1,0,40
BRDA:8,2,0,77
BRDA:11,3,0,63
BRDA:11,4,0,30
BRDA:16,5,0,47
BRDA:17,6,0,17
BRDA:17,7,0,30
BRDA:12,8,0,37
BRDA:23,9,0,42
BRDA:28,10,0,2
BRDA:31,11,0,41
BRDA:31,12,0,40
BRDA:38,13,0,21
BRDA:38,14,0,4
BRDA:45,15,0,36
BRDA:46,16,0,19
BRDA:53,17,0,14
BRDA:57,18,0,41
BRDA:57,19,0,36
BRDA:58,20,0,23
BRDA:63,21,0,36
BRDA:64,22,0,19
BRDA:64,23,0,19
BRDA:69,24,0,19
BRDA:70,25,0,23
BRF:26
BRH:26
end_of_record
TN:
SF:src/feature-context-map-injectable.ts
FN:21,instantiate
FNF:1
FNH:1
FNDA:21,instantiate
DA:1,1
DA:2,1
DA:3,1
DA:4,1
DA:5,1
DA:6,1
DA:7,1
DA:8,1
DA:9,1
DA:10,1
DA:11,1
DA:12,1
DA:13,1
DA:14,1
DA:15,1
DA:16,1
DA:17,1
DA:18,1
DA:19,1
DA:20,1
DA:21,1
DA:22,1
DA:23,1
DA:24,1
DA:25,1
DA:26,1
LF:26
LH:26
BRDA:21,0,0,21
BRF:1
BRH:1
end_of_record
TN:
SF:src/feature.ts
FN:11,get
FN:11,getFeature
FNF:2
FNH:2
FNDA:56,get
FNDA:56,getFeature
DA:1,1
DA:2,1
DA:3,1
DA:4,1
DA:5,1
DA:6,1
DA:7,1
DA:8,1
DA:9,1
DA:10,1
DA:11,1
LF:11
LH:11
BRDA:11,0,0,56
BRDA:11,1,0,56
BRF:2
BRH:2
end_of_record
TN:
SF:src/register-feature.ts
FN:76,get
FN:9,createFeatureContext
FN:13,instantiate
FN:14,register
FN:18,deregister
FN:40,registerFeatureRecursed
FN:76,registerFeature
FNF:7
FNH:7
FNDA:31,get
FNDA:58,createFeatureContext
FNDA:58,instantiate
FNDA:58,register
FNDA:23,deregister
FNDA:79,registerFeatureRecursed
FNDA:31,registerFeature
DA:1,1
DA:2,1
DA:3,1
DA:4,1
DA:5,1
DA:6,1
DA:7,1
DA:8,1
DA:9,1
DA:10,58
DA:11,58
DA:12,58
DA:13,58
DA:14,58
DA:15,58
DA:16,58
DA:17,58
DA:18,58
DA:19,23
DA:20,23
DA:21,58
DA:22,58
DA:23,58
DA:24,58
DA:25,58
DA:26,58
DA:27,58
DA:28,58
DA:29,58
DA:30,58
DA:31,58
DA:32,58
DA:33,58
DA:34,58
DA:35,58
DA:36,58
DA:37,58
DA:38,58
DA:39,1
DA:40,1
DA:41,79
DA:42,79
DA:43,79
DA:44,21
DA:45,21
DA:46,79
DA:47,79
DA:48,79
DA:49,79
DA:50,79
DA:51,79
DA:52,1
DA:53,1
DA:54,78
DA:55,78
DA:56,79
DA:57,79
DA:58,79
DA:59,79
DA:60,34
DA:61,34
DA:62,34
DA:63,34
DA:64,34
DA:65,34
DA:66,78
DA:67,78
DA:68,58
DA:69,58
DA:70,78
DA:71,79
DA:72,34
DA:73,34
DA:74,79
DA:75,1
DA:76,1
DA:77,31
DA:78,45
DA:79,45
DA:80,31
LF:80
LH:80
BRDA:76,0,0,31
BRDA:9,1,0,58
BRDA:13,2,0,58
BRDA:14,3,0,58
BRDA:18,4,0,23
BRDA:40,5,0,79
BRDA:43,6,0,21
BRDA:51,7,0,45
BRDA:51,8,0,5
BRDA:51,9,0,1
BRDA:54,10,0,78
BRDA:55,11,0,58
BRDA:59,12,0,34
BRDA:60,13,0,27
BRDA:66,14,0,78
BRDA:67,15,0,58
BRDA:71,16,0,34
BRDA:71,17,0,34
BRDA:76,18,0,31
BRDA:77,19,0,45
BRF:20
BRH:20
end_of_record
