TN:
SF:src/get-startable-stoppable.ts
FN:12,get
FN:12,getStartableStoppable
FN:17,get started
FN:21,start
FN:31,stop
FNF:5
FNH:5
FNDA:9,get
FNDA:9,getStartableStoppable
FNDA:3,get started
FNDA:6,start
FNDA:3,stop
DA:1,1
DA:2,1
DA:3,1
DA:4,1
DA:5,1
DA:6,1
DA:7,1
DA:8,1
DA:9,1
DA:10,1
DA:11,1
DA:12,1
DA:13,9
DA:14,9
DA:15,9
DA:16,9
DA:17,9
DA:18,3
DA:19,3
DA:20,9
DA:21,9
DA:22,6
DA:23,1
DA:24,1
DA:25,5
DA:26,5
DA:27,5
DA:28,5
DA:29,5
DA:30,9
DA:31,9
DA:32,3
DA:33,1
DA:34,1
DA:35,2
DA:36,2
DA:37,2
DA:38,2
DA:39,9
DA:40,9
LF:40
LH:40
BRDA:12,0,0,9
BRDA:12,1,0,9
BRDA:17,2,0,3
BRDA:21,3,0,6
BRDA:22,4,0,1
BRDA:25,5,0,5
BRDA:31,6,0,3
BRDA:32,7,0,1
BRDA:35,8,0,2
BRF:9
BRH:9
end_of_record
