TN:
SF:src/feature.ts
FN:5,get
FN:8,register
FN:12,getRequireContexts
FNF:3
FNH:3
FNDA:7,get
FNDA:7,register
FNDA:7,getRequireContexts
DA:1,1
DA:2,1
DA:3,1
DA:4,1
DA:5,1
DA:6,1
DA:7,1
DA:8,1
DA:9,7
DA:10,7
DA:11,7
DA:12,7
DA:13,7
DA:14,7
DA:15,1
DA:16,1
DA:17,1
LF:17
LH:17
BRDA:5,0,0,7
BRDA:8,1,0,7
BRDA:12,2,0,7
BRF:3
BRH:3
end_of_record
TN:
SF:src/react-application/react-application-children-injection-token.ts
FN:11,get
FNF:1
FNH:1
FNDA:15,get
DA:1,1
DA:2,1
DA:3,1
DA:4,1
DA:5,1
DA:6,1
DA:7,1
DA:8,1
DA:9,1
DA:10,1
DA:11,1
DA:12,1
DA:13,1
LF:13
LH:13
BRDA:11,0,0,15
BRF:1
BRH:1
end_of_record
TN:
SF:src/react-application/react-application-content.tsx
FN:21,get
FN:25,getProps
FNF:2
FNH:2
FNDA:9,get
FNDA:9,getProps
DA:1,1
DA:2,1
DA:3,1
DA:4,1
DA:5,1
DA:6,1
DA:7,1
DA:8,1
DA:9,1
DA:10,1
DA:11,1
DA:12,1
DA:13,1
DA:14,15
DA:15,15
DA:16,8
DA:17,1
DA:18,1
DA:19,1
DA:20,1
DA:21,1
DA:22,1
DA:23,1
DA:24,1
DA:25,1
DA:26,9
DA:27,9
DA:28,1
DA:29,1
LF:29
LH:29
BRDA:21,0,0,9
BRDA:13,1,0,15
BRDA:15,2,0,8
BRDA:16,3,0,10
BRDA:16,4,0,8
BRDA:16,5,0,2
BRDA:25,6,0,9
BRF:7
BRH:7
end_of_record
TN:
SF:src/react-application/react-application-higher-order-component-injection-token.ts
FN:8,get
FNF:1
FNH:1
FNDA:11,get
DA:1,1
DA:2,1
DA:3,1
DA:4,1
DA:5,1
DA:6,1
DA:7,1
DA:8,1
DA:9,1
DA:10,1
DA:11,1
LF:11
LH:11
BRDA:8,0,0,11
BRF:1
BRH:1
end_of_record
TN:
SF:src/react-application/react-application.tsx
FN:27,get
FN:17,render
FNF:2
FNH:2
FNDA:7,get
FNDA:20,render
DA:1,1
DA:2,1
DA:3,1
DA:4,1
DA:5,1
DA:6,1
DA:7,1
DA:8,1
DA:9,1
DA:10,1
DA:11,1
DA:12,1
DA:13,1
DA:14,1
DA:15,1
DA:16,1
DA:17,1
DA:18,20
DA:19,20
DA:20,20
DA:21,9
DA:22,9
DA:23,11
DA:24,11
DA:25,11
DA:26,1
DA:27,1
DA:28,9
DA:29,9
DA:30,9
DA:31,9
DA:32,9
DA:33,9
DA:34,9
DA:35,9
DA:36,9
DA:37,9
LF:37
LH:37
BRDA:27,0,0,7
BRDA:17,1,0,20
BRDA:20,2,0,9
BRDA:23,3,0,11
BRDA:27,4,0,9
BRF:5
BRH:5
end_of_record
TN:
SF:src/render-application/render-application-when-application-is-ready.injectable.tsx
FN:7,get
FN:10,instantiate
FN:14,run
FNF:3
FNH:3
FNDA:14,get
FNDA:7,instantiate
FNDA:7,run
DA:1,1
DA:2,1
DA:3,1
DA:4,1
DA:5,1
DA:6,1
DA:7,1
DA:8,1
DA:9,1
DA:10,1
DA:11,7
DA:12,7
DA:13,7
DA:14,7
DA:15,7
DA:16,7
DA:17,7
DA:18,7
DA:19,1
DA:20,1
DA:21,1
LF:21
LH:21
BRDA:7,0,0,14
BRDA:10,1,0,7
BRDA:14,2,0,7
BRF:3
BRH:3
end_of_record
TN:
SF:src/render-application/render.injectable.tsx
FN:15,instantiate
FNF:1
FNH:1
FNDA:1,instantiate
DA:1,1
DA:2,1
DA:3,1
DA:4,1
DA:5,1
DA:6,1
DA:7,1
DA:8,1
DA:9,1
DA:10,1
DA:11,1
DA:12,1
DA:13,1
DA:14,1
DA:15,1
DA:16,1
DA:17,1
DA:18,1
DA:19,1
DA:20,1
DA:21,1
DA:22,1
LF:22
LH:22
BRF:0
BRH:0
end_of_record
