TN:
SF:src/feature.ts
FN:5,get
FN:8,register
FN:13,getRequireContexts
FNF:3
FNH:3
FNDA:8,get
FNDA:8,register
FNDA:8,getRequireContexts
DA:1,1
DA:2,1
DA:3,1
DA:4,1
DA:5,1
DA:6,1
DA:7,1
DA:8,1
DA:9,8
DA:10,8
DA:11,8
DA:12,8
DA:13,8
DA:14,8
DA:15,8
DA:16,1
DA:17,1
DA:18,1
LF:18
LH:18
BRDA:5,0,0,8
BRDA:8,1,0,8
BRDA:13,2,0,8
BRF:3
BRH:3
end_of_record
TN:
SF:src/electron/electron-app.injectable.ts
FN:14,get
FN:10,instantiate
FNF:2
FNH:2
FNDA:21,get
FNDA:1,instantiate
DA:1,1
DA:2,1
DA:3,1
DA:4,1
DA:5,1
DA:6,1
DA:7,1
DA:8,1
DA:9,1
DA:10,1
DA:11,1
DA:12,1
DA:13,1
DA:14,1
LF:14
LH:14
BRDA:14,0,0,21
BRDA:10,1,0,1
BRF:2
BRH:2
end_of_record
TN:
SF:src/start-application/start-electron-application.injectable.ts
FN:49,get
FN:15,decorator
FN:37,instantiate
FNF:3
FNH:3
FNDA:8,get
FNDA:5,decorator
FNDA:8,instantiate
DA:1,1
DA:2,1
DA:3,1
DA:4,1
DA:5,1
DA:6,1
DA:7,1
DA:8,1
DA:9,1
DA:10,1
DA:11,1
DA:12,1
DA:13,1
DA:14,1
DA:15,1
DA:16,5
DA:17,5
DA:18,5
DA:19,5
DA:20,5
DA:21,5
DA:22,5
DA:23,5
DA:24,5
DA:25,5
DA:26,5
DA:27,5
DA:28,1
DA:29,1
DA:30,1
DA:31,5
DA:32,5
DA:33,1
DA:34,1
DA:35,1
DA:36,1
DA:37,1
DA:38,8
DA:39,8
DA:40,8
DA:41,1
DA:42,1
DA:43,1
DA:44,1
DA:45,1
DA:46,1
DA:47,1
DA:48,1
DA:49,1
LF:49
LH:49
BRDA:49,0,0,8
BRDA:15,1,0,5
BRDA:22,2,0,5
BRDA:26,3,0,5
BRDA:27,4,0,1
BRDA:37,5,0,8
BRF:6
BRH:6
end_of_record
TN:
SF:src/start-application/time-slots.ts
FNF:0
FNH:0
DA:1,1
DA:2,1
DA:3,1
DA:4,1
DA:5,1
DA:6,1
DA:7,1
DA:8,1
DA:9,1
DA:10,1
LF:10
LH:10
BRF:0
BRH:0
end_of_record
TN:
SF:src/start-application/when-app-is-ready.injectable.ts
FN:16,get
FN:7,instantiate
FNF:2
FNH:2
FNDA:20,get
FNDA:2,instantiate
DA:1,1
DA:2,1
DA:3,1
DA:4,1
DA:5,1
DA:6,1
DA:7,1
DA:8,2
DA:9,2
DA:10,2
DA:11,2
DA:12,1
DA:13,1
DA:14,1
DA:15,1
DA:16,1
LF:16
LH:16
BRDA:16,0,0,20
BRDA:7,1,0,2
BRDA:10,2,0,2
BRF:3
BRH:3
end_of_record
