TN:
SF:src/allow-communication-to-iframe.injectable.ts
FN:12,instantiate
FN:16,run
FNF:2
FNH:2
FNDA:1,instantiate
FNDA:1,run
DA:1,1
DA:2,1
DA:3,1
DA:4,1
DA:5,1
DA:6,1
DA:7,1
DA:8,1
DA:9,1
DA:10,1
DA:11,1
DA:12,1
DA:13,1
DA:14,1
DA:15,1
DA:16,1
DA:17,1
DA:18,1
DA:19,1
DA:20,1
DA:21,1
DA:22,1
DA:23,1
DA:24,1
DA:25,1
LF:25
LH:25
BRDA:12,0,0,1
BRDA:16,1,0,1
BRF:2
BRH:2
end_of_record
TN:
SF:src/feature.ts
FN:5,get
FN:8,register
FN:13,getRequireContexts
FNF:3
FNH:3
FNDA:16,get
FNDA:16,register
FNDA:16,getRequireContexts
DA:1,1
DA:2,1
DA:3,1
DA:4,1
DA:5,1
DA:6,1
DA:7,1
DA:8,1
DA:9,16
DA:10,16
DA:11,16
DA:12,16
DA:13,16
DA:14,16
DA:15,16
DA:16,1
DA:17,1
DA:18,1
LF:18
LH:18
BRDA:5,0,0,16
BRDA:8,1,0,16
BRDA:13,2,0,16
BRF:3
BRH:3
end_of_record
TN:
SF:src/ipc/ipc-renderer.injectable.ts
FN:10,get
FN:6,instantiate
FNF:2
FNH:2
FNDA:38,get
FNDA:4,instantiate
DA:1,1
DA:2,1
DA:3,1
DA:4,1
DA:5,1
DA:6,1
DA:7,1
DA:8,1
DA:9,1
DA:10,1
LF:10
LH:10
BRDA:10,0,0,38
BRDA:6,1,0,4
BRF:2
BRH:2
end_of_record
TN:
SF:src/listening-of-messages/enlist-message-channel-listener.injectable.ts
FN:28,get
FN:9,instantiate
FN:13,nativeCallback
FNF:3
FNH:3
FNDA:16,get
FNDA:9,instantiate
FNDA:5,nativeCallback
DA:1,1
DA:2,1
DA:3,1
DA:4,1
DA:5,1
DA:6,1
DA:7,1
DA:8,1
DA:9,1
DA:10,9
DA:11,9
DA:12,9
DA:13,8
DA:14,5
DA:15,5
DA:16,8
DA:17,8
DA:18,8
DA:19,8
DA:20,1
DA:21,1
DA:22,8
DA:23,9
DA:24,1
DA:25,1
DA:26,1
DA:27,1
DA:28,1
LF:28
LH:28
BRDA:28,0,0,16
BRDA:9,1,0,9
BRDA:12,2,0,8
BRDA:13,3,0,5
BRDA:19,4,0,1
BRF:5
BRH:5
end_of_record
TN:
SF:src/listening-of-requests/enlist-request-channel-listener.injectable.ts
FN:17,get
FN:8,instantiate
FNF:2
FNH:2
FNDA:1,get
FNDA:1,instantiate
DA:1,1
DA:2,1
DA:3,1
DA:4,1
DA:5,1
DA:6,1
DA:7,1
DA:8,1
DA:9,1
DA:10,1
DA:11,1
DA:12,1
DA:13,1
DA:14,1
DA:15,1
DA:16,1
DA:17,1
DA:18,1
LF:18
LH:18
BRDA:17,0,0,1
BRDA:8,1,0,1
BRF:2
BRH:2
end_of_record
TN:
SF:src/requesting-of-requests/invoke-ipc.injectable.ts
FN:10,get
FN:7,instantiate
FNF:2
FNH:2
FNDA:21,get
FNDA:1,instantiate
DA:1,1
DA:2,1
DA:3,1
DA:4,1
DA:5,1
DA:6,1
DA:7,1
DA:8,1
DA:9,1
DA:10,1
LF:10
LH:10
BRDA:10,0,0,21
BRDA:7,1,0,1
BRF:2
BRH:2
end_of_record
TN:
SF:src/requesting-of-requests/request-from-channel.injectable.ts
FN:18,get
FN:9,instantiate
FNF:2
FNH:2
FNDA:16,get
FNDA:2,instantiate
DA:1,1
DA:2,1
DA:3,1
DA:4,1
DA:5,1
DA:6,1
DA:7,1
DA:8,1
DA:9,1
DA:10,2
DA:11,2
DA:12,2
DA:13,2
DA:14,1
DA:15,1
DA:16,1
DA:17,1
DA:18,1
LF:18
LH:18
BRDA:18,0,0,16
BRDA:9,1,0,2
BRDA:12,2,0,2
BRF:3
BRH:3
end_of_record
TN:
SF:src/sending-of-messages/message-to-channel.injectable.ts
FN:19,get
FN:8,instantiate
FNF:2
FNH:2
FNDA:16,get
FNDA:1,instantiate
DA:1,1
DA:2,1
DA:3,1
DA:4,1
DA:5,1
DA:6,1
DA:7,1
DA:8,1
DA:9,1
DA:10,1
DA:11,1
DA:12,1
DA:13,1
DA:14,1
DA:15,1
DA:16,1
DA:17,1
DA:18,1
DA:19,1
LF:19
LH:19
BRDA:19,0,0,16
BRDA:8,1,0,1
BRDA:11,2,0,1
BRF:3
BRH:3
end_of_record
TN:
SF:src/sending-of-messages/send-to-ipc.injectable.ts
FN:10,get
FN:7,instantiate
FNF:2
FNH:2
FNDA:19,get
FNDA:1,instantiate
DA:1,1
DA:2,1
DA:3,1
DA:4,1
DA:5,1
DA:6,1
DA:7,1
DA:8,1
DA:9,1
DA:10,1
LF:10
LH:10
BRDA:10,0,0,19
BRDA:7,1,0,1
BRF:2
BRH:2
end_of_record
