TN:
SF:src/helpers.ts
FN:11,computedNextEdge
FN:35,verifyRunnablesAreDAG
FN:83,convertToWithIdWith
FN:84,convert
FNF:4
FNH:4
FNDA:308,computedNextEdge
FNDA:40,verifyRunnablesAreDAG
FNDA:40,convertToWithIdWith
FNDA:712,convert
DA:1,1
DA:2,1
DA:3,1
DA:4,1
DA:5,1
DA:6,1
DA:7,1
DA:8,1
DA:9,1
DA:10,1
DA:11,1
DA:12,308
DA:13,308
DA:14,308
DA:15,308
DA:16,308
DA:17,308
DA:18,268
DA:19,0
DA:20,0
DA:21,268
DA:22,268
DA:23,268
DA:24,308
DA:25,1
DA:26,1
DA:27,1
DA:28,1
DA:29,1
DA:30,1
DA:31,1
DA:32,1
DA:33,1
DA:34,1
DA:35,1
DA:36,40
DA:37,40
DA:38,40
DA:39,40
DA:40,40
DA:41,40
DA:42,40
DA:43,201
DA:44,201
DA:45,201
DA:46,67
DA:47,201
DA:48,134
DA:49,181
DA:50,181
DA:51,134
DA:52,201
DA:53,40
DA:54,40
DA:55,40
DA:56,40
DA:57,40
DA:58,40
DA:59,40
DA:60,238
DA:61,3
DA:62,3
DA:63,3
DA:64,1
DA:65,1
DA:66,2
DA:67,2
DA:68,2
DA:69,2
DA:70,2
DA:71,2
DA:72,2
DA:73,2
DA:74,2
DA:75,238
DA:76,37
DA:77,1
DA:78,1
DA:79,1
DA:80,1
DA:81,1
DA:82,1
DA:83,1
DA:84,40
DA:85,712
DA:86,712
DA:87,712
DA:88,712
DA:89,712
DA:90,712
DA:91,712
DA:92,40
DA:93,40
DA:94,40
LF:94
LH:92
BRDA:11,0,0,308
BRDA:17,1,0,268
BRDA:18,2,0,0
BRDA:35,3,0,40
BRDA:42,4,0,201
BRDA:45,5,0,67
BRDA:47,6,0,134
BRDA:48,7,0,181
BRDA:59,8,0,238
BRDA:60,9,0,3
BRDA:63,10,0,2
BRDA:63,11,0,1
BRDA:75,12,0,37
BRDA:61,13,0,4
BRDA:70,14,0,2
BRDA:83,15,0,40
BRDA:84,16,0,712
BRDA:90,17,0,511
BRDA:93,18,0,201
BRF:19
BRH:18
end_of_record
TN:
SF:src/run-many-for.ts
FN:60,get
FN:23,initFinishingPromise
FN:25,handler
FN:36,setFinished
FN:42,blockOn
FN:47,executeRunnableWith
FN:60,runManyFor
FNF:7
FNH:7
FNDA:36,get
FNDA:243,initFinishingPromise
FNDA:344,handler
FNDA:90,setFinished
FNDA:153,blockOn
FNDA:36,executeRunnableWith
FNDA:36,runManyFor
DA:1,1
DA:2,1
DA:3,1
DA:4,1
DA:5,1
DA:6,1
DA:7,1
DA:8,1
DA:9,1
DA:10,1
DA:11,1
DA:12,1
DA:13,1
DA:14,1
DA:15,1
DA:16,1
DA:17,1
DA:18,1
DA:19,1
DA:20,1
DA:21,1
DA:22,1
DA:23,1
DA:24,243
DA:25,243
DA:26,344
DA:27,186
DA:28,186
DA:29,186
DA:30,344
DA:31,243
DA:32,243
DA:33,243
DA:34,243
DA:35,1
DA:36,1
DA:37,90
DA:38,90
DA:39,90
DA:40,90
DA:41,1
DA:42,1
DA:43,153
DA:44,101
DA:45,1
DA:46,1
DA:47,1
DA:48,36
DA:49,36
DA:50,36
DA:51,190
DA:52,153
DA:53,101
DA:54,138
DA:55,138
DA:56,90
DA:57,90
DA:58,36
DA:59,1
DA:60,1
DA:61,36
DA:62,36
DA:63,36
DA:64,36
DA:65,36
DA:66,36
DA:67,36
DA:68,36
DA:69,36
DA:70,4
DA:71,36
LF:71
LH:71
BRDA:60,0,0,36
BRDA:23,1,0,243
BRDA:24,2,0,243
BRDA:25,3,0,344
BRDA:26,4,0,186
BRDA:36,5,0,90
BRDA:42,6,0,153
BRDA:43,7,0,101
BRDA:47,8,0,36
BRDA:50,9,0,190
BRDA:51,10,0,153
BRDA:52,11,0,101
BRDA:53,12,0,138
BRDA:55,13,0,90
BRDA:60,14,0,36
BRDA:63,15,0,36
BRDA:63,16,0,36
BRDA:69,17,0,4
BRDA:65,18,0,193
BRF:19
BRH:19
end_of_record
TN:
SF:src/run-many-sync-for.ts
FN:64,get
FN:18,setFinished
FN:23,onceParentsAreFinished
FN:26,checkAndRun
FN:38,onParentFinished
FN:52,executeRunnableWith
FN:64,runManySyncFor
FNF:7
FNH:7
FNDA:4,get
FNDA:7,setFinished
FNDA:7,onceParentsAreFinished
FNDA:9,checkAndRun
FNDA:2,onParentFinished
FNDA:4,executeRunnableWith
FNDA:4,runManySyncFor
DA:1,1
DA:2,1
DA:3,1
DA:4,1
DA:5,1
DA:6,1
DA:7,1
DA:8,1
DA:9,1
DA:10,1
DA:11,1
DA:12,1
DA:13,1
DA:14,1
DA:15,1
DA:16,1
DA:17,1
DA:18,1
DA:19,7
DA:20,7
DA:21,7
DA:22,1
DA:23,1
DA:24,7
DA:25,7
DA:26,7
DA:27,9
DA:28,7
DA:29,7
DA:30,7
DA:31,9
DA:32,7
DA:33,7
DA:34,2
DA:35,0
DA:36,0
DA:37,2
DA:38,2
DA:39,2
DA:40,2
DA:41,2
DA:42,2
DA:43,2
DA:44,2
DA:45,2
DA:46,2
DA:47,7
DA:48,7
DA:49,7
DA:50,1
DA:51,1
DA:52,1
DA:53,4
DA:54,4
DA:55,4
DA:56,7
DA:57,7
DA:58,7
DA:59,7
DA:60,7
DA:61,7
DA:62,4
DA:63,1
DA:64,1
DA:65,4
DA:66,4
DA:67,4
DA:68,4
DA:69,4
DA:70,4
DA:71,4
DA:72,4
DA:73,4
DA:74,4
DA:75,4
DA:76,4
DA:77,4
LF:77
LH:75
BRDA:64,0,0,4
BRDA:18,1,0,7
BRDA:23,2,0,7
BRDA:33,3,0,2
BRDA:34,4,0,0
BRDA:26,5,0,9
BRDA:27,6,0,7
BRDA:38,7,0,2
BRDA:52,8,0,4
BRDA:55,9,0,7
BRDA:58,10,0,2
BRDA:59,11,0,7
BRDA:64,12,0,4
BRDA:67,13,0,4
BRDA:67,14,0,4
BRF:15
BRH:14
end_of_record
TN:
SF:src/types.ts
FN:1,(empty-report)
FNF:1
FNH:0
FNDA:0,(empty-report)
DA:1,0
DA:2,0
DA:3,0
DA:4,0
DA:5,0
DA:6,0
DA:7,0
DA:8,0
DA:9,0
DA:10,0
DA:11,0
DA:12,0
DA:13,0
DA:14,0
DA:15,0
DA:16,0
DA:17,0
DA:18,0
DA:19,0
DA:20,0
DA:21,0
DA:22,0
DA:23,0
DA:24,0
DA:25,0
DA:26,0
DA:27,0
DA:28,0
DA:29,0
DA:30,0
DA:31,0
DA:32,0
DA:33,0
DA:34,0
DA:35,0
DA:36,0
DA:37,0
DA:38,0
DA:39,0
DA:40,0
LF:40
LH:0
BRDA:1,0,0,0
BRF:1
BRH:0
end_of_record
