TN:
SF:src/features/actual/feature.ts
FN:5,get
FN:10,register
FN:15,getRequireContexts
FNF:3
FNH:3
FNDA:2,get
FNDA:13,register
FNDA:13,getRequireContexts
DA:1,1
DA:2,1
DA:3,1
DA:4,1
DA:5,1
DA:6,1
DA:7,1
DA:8,1
DA:9,1
DA:10,1
DA:11,13
DA:12,13
DA:13,13
DA:14,13
DA:15,13
DA:16,13
DA:17,13
DA:18,1
LF:18
LH:18
BRDA:5,0,0,2
BRDA:10,1,0,13
BRDA:15,2,0,13
BRF:3
BRH:3
end_of_record
TN:
SF:src/features/actual/listening-of-channels/listening-of-channels.injectable.ts
FN:24,listening
FN:34,oldValues
FN:35,reactionDisposer.fireImmediately
FN:79,instantiate
FNF:4
FNH:4
FNDA:26,listening
FNDA:45,oldValues
FNDA:45,reactionDisposer.fireImmediately
FNDA:13,instantiate
DA:1,1
DA:2,1
DA:3,1
DA:4,1
DA:5,1
DA:6,1
DA:7,1
DA:8,1
DA:9,1
DA:10,1
DA:11,1
DA:12,1
DA:13,1
DA:14,1
DA:15,1
DA:16,1
DA:17,1
DA:18,1
DA:19,1
DA:20,1
DA:21,1
DA:22,1
DA:23,1
DA:24,1
DA:25,26
DA:26,26
DA:27,26
DA:28,26
DA:29,26
DA:30,26
DA:31,26
DA:32,26
DA:33,26
DA:34,26
DA:35,26
DA:36,45
DA:37,45
DA:38,45
DA:39,45
DA:40,45
DA:41,45
DA:42,45
DA:43,45
DA:44,45
DA:45,24
DA:46,24
DA:47,24
DA:48,1
DA:49,1
DA:50,1
DA:51,1
DA:52,23
DA:53,23
DA:54,23
DA:55,23
DA:56,23
DA:57,45
DA:58,45
DA:59,8
DA:60,8
DA:61,8
DA:62,8
DA:63,8
DA:64,8
DA:65,45
DA:66,26
DA:67,26
DA:68,26
DA:69,26
DA:70,26
DA:71,8
DA:72,8
DA:73,8
DA:74,26
DA:75,1
DA:76,1
DA:77,1
DA:78,1
DA:79,1
DA:80,13
DA:81,13
DA:82,13
DA:83,13
DA:84,13
DA:85,13
DA:86,13
DA:87,13
DA:88,13
DA:89,13
DA:90,13
DA:91,13
DA:92,13
DA:93,13
DA:94,13
DA:95,13
DA:96,13
DA:97,13
DA:98,13
DA:99,13
DA:100,13
DA:101,13
DA:102,13
DA:103,13
DA:104,4
DA:105,4
DA:106,4
DA:107,13
DA:108,13
DA:109,1
DA:110,1
DA:111,1
DA:112,1
DA:113,1
LF:113
LH:113
BRDA:24,0,0,26
BRDA:34,1,0,45
BRDA:35,2,0,45
BRDA:37,3,0,43
BRDA:37,4,0,38
BRDA:41,5,0,27
BRDA:41,6,0,27
BRDA:44,7,0,24
BRDA:47,8,0,1
BRDA:52,9,0,23
BRDA:58,10,0,8
BRDA:70,11,0,8
BRDA:72,12,0,4
BRDA:79,13,0,13
BRDA:90,14,0,13
BRDA:94,15,0,19
BRDA:100,16,0,21
BRDA:103,17,0,4
BRF:18
BRH:18
end_of_record
TN:
SF:src/features/actual/listening-of-channels/start-listening-of-channels.injectable.ts
FN:21,get
FN:8,instantiate
FN:12,run
FNF:3
FNH:3
FNDA:13,get
FNDA:13,instantiate
FNDA:13,run
DA:1,1
DA:2,1
DA:3,1
DA:4,1
DA:5,1
DA:6,1
DA:7,1
DA:8,1
DA:9,13
DA:10,13
DA:11,13
DA:12,13
DA:13,13
DA:14,13
DA:15,13
DA:16,13
DA:17,1
DA:18,1
DA:19,1
DA:20,1
DA:21,1
LF:21
LH:21
BRDA:21,0,0,13
BRDA:8,1,0,13
BRDA:12,2,0,13
BRF:3
BRH:3
end_of_record
TN:
SF:src/features/actual/message/enlist-message-channel-listener-injection-token.ts
FN:13,get
FNF:1
FNH:1
FNDA:21,get
DA:1,1
DA:2,1
DA:3,1
DA:4,1
DA:5,1
DA:6,1
DA:7,1
DA:8,1
DA:9,1
DA:10,1
DA:11,1
DA:12,1
DA:13,1
DA:14,1
DA:15,1
DA:16,1
LF:16
LH:16
BRDA:13,0,0,21
BRF:1
BRH:1
end_of_record
TN:
SF:src/features/actual/message/get-message-channel.ts
FN:3,get
FN:3,getMessageChannel
FNF:2
FNH:2
FNDA:6,get
FNDA:6,getMessageChannel
DA:1,1
DA:2,1
DA:3,1
DA:4,6
DA:5,6
LF:5
LH:5
BRDA:3,0,0,6
BRDA:3,1,0,6
BRF:2
BRH:2
end_of_record
TN:
SF:src/features/actual/message/message-channel-listener-injection-token.ts
FN:34,getMessageChannelListenerInjectable
FN:43,instantiate
FNF:2
FNH:2
FNDA:11,getMessageChannelListenerInjectable
FNDA:11,instantiate
DA:1,1
DA:2,1
DA:3,1
DA:4,1
DA:5,1
DA:6,1
DA:7,1
DA:8,1
DA:9,1
DA:10,1
DA:11,1
DA:12,1
DA:13,1
DA:14,1
DA:15,1
DA:16,1
DA:17,1
DA:18,1
DA:19,1
DA:20,1
DA:21,1
DA:22,1
DA:23,1
DA:24,1
DA:25,1
DA:26,1
DA:27,1
DA:28,1
DA:29,1
DA:30,1
DA:31,1
DA:32,1
DA:33,1
DA:34,1
DA:35,11
DA:36,11
DA:37,11
DA:38,11
DA:39,11
DA:40,11
DA:41,11
DA:42,11
DA:43,11
DA:44,11
DA:45,11
DA:46,11
DA:47,11
DA:48,11
DA:49,11
DA:50,11
DA:51,11
LF:51
LH:51
BRDA:34,0,0,11
BRDA:43,1,0,11
BRF:2
BRH:2
end_of_record
TN:
SF:src/features/actual/message/message-to-channel-injection-token.ts
FN:9,get
FNF:1
FNH:1
FNDA:2,get
DA:1,1
DA:2,1
DA:3,1
DA:4,1
DA:5,1
DA:6,1
DA:7,1
DA:8,1
DA:9,1
DA:10,1
DA:11,1
LF:11
LH:11
BRDA:9,0,0,2
BRF:1
BRH:1
end_of_record
TN:
SF:src/features/actual/request/enlist-request-channel-listener-injection-token.ts
FN:13,get
FNF:1
FNH:1
FNDA:22,get
DA:1,1
DA:2,1
DA:3,1
DA:4,1
DA:5,1
DA:6,1
DA:7,1
DA:8,1
DA:9,1
DA:10,1
DA:11,1
DA:12,1
DA:13,1
DA:14,1
DA:15,1
DA:16,1
LF:16
LH:16
BRDA:13,0,0,22
BRF:1
BRH:1
end_of_record
TN:
SF:src/features/actual/request/get-request-channel.ts
FN:3,get
FN:3,getRequestChannel
FNF:2
FNH:2
FNDA:14,get
FNDA:14,getRequestChannel
DA:1,1
DA:2,1
DA:3,1
DA:4,14
DA:5,14
DA:6,14
DA:7,14
LF:7
LH:7
BRDA:3,0,0,14
BRDA:3,1,0,14
BRF:2
BRH:2
end_of_record
TN:
SF:src/features/actual/request/request-channel-listener-injection-token.ts
FN:39,getRequestChannelListenerInjectable
FN:49,instantiate
FNF:2
FNH:2
FNDA:13,getRequestChannelListenerInjectable
FNDA:13,instantiate
DA:1,1
DA:2,1
DA:3,1
DA:4,1
DA:5,1
DA:6,1
DA:7,1
DA:8,1
DA:9,1
DA:10,1
DA:11,1
DA:12,1
DA:13,1
DA:14,1
DA:15,1
DA:16,1
DA:17,1
DA:18,1
DA:19,1
DA:20,1
DA:21,1
DA:22,1
DA:23,1
DA:24,1
DA:25,1
DA:26,1
DA:27,1
DA:28,1
DA:29,1
DA:30,1
DA:31,1
DA:32,1
DA:33,1
DA:34,1
DA:35,1
DA:36,1
DA:37,1
DA:38,1
DA:39,1
DA:40,13
DA:41,13
DA:42,13
DA:43,13
DA:44,13
DA:45,13
DA:46,13
DA:47,13
DA:48,13
DA:49,13
DA:50,13
DA:51,13
DA:52,13
DA:53,13
DA:54,13
DA:55,13
DA:56,13
LF:56
LH:56
BRDA:39,0,0,13
BRDA:49,1,0,13
BRF:2
BRH:2
end_of_record
TN:
SF:src/features/actual/request/request-from-channel-injection-token.ts
FN:19,get
FNF:1
FNH:1
FNDA:2,get
DA:1,1
DA:2,1
DA:3,1
DA:4,1
DA:5,1
DA:6,1
DA:7,1
DA:8,1
DA:9,1
DA:10,1
DA:11,1
DA:12,1
DA:13,1
DA:14,1
DA:15,1
DA:16,1
DA:17,1
DA:18,1
DA:19,1
DA:20,1
DA:21,1
LF:21
LH:21
BRDA:19,0,0,2
BRF:1
BRH:1
end_of_record
TN:
SF:src/features/unit-testing/feature.ts
FN:5,get
FN:10,register
FN:15,getRequireContexts
FNF:3
FNH:3
FNDA:13,get
FNDA:13,register
FNDA:13,getRequireContexts
DA:1,1
DA:2,1
DA:3,1
DA:4,1
DA:5,1
DA:6,1
DA:7,1
DA:8,1
DA:9,1
DA:10,1
DA:11,13
DA:12,13
DA:13,13
DA:14,13
DA:15,13
DA:16,13
DA:17,13
DA:18,1
LF:18
LH:18
BRDA:5,0,0,13
BRDA:10,1,0,13
BRDA:15,2,0,13
BRF:3
BRH:3
end_of_record
TN:
SF:src/features/unit-testing/test-doubles.injectable.ts
FN:10,instantiate
FN:16,instantiate
FN:23,instantiate
FN:29,instantiate
FNF:4
FNH:4
FNDA:1,instantiate
FNDA:7,instantiate
FNDA:1,instantiate
FNDA:6,instantiate
DA:1,1
DA:2,1
DA:3,1
DA:4,1
DA:5,1
DA:6,1
DA:7,1
DA:8,1
DA:9,1
DA:10,1
DA:11,1
DA:12,1
DA:13,1
DA:14,1
DA:15,1
DA:16,1
DA:17,1
DA:18,1
DA:19,1
DA:20,1
DA:21,1
DA:22,1
DA:23,1
DA:24,1
DA:25,1
DA:26,1
DA:27,1
DA:28,1
DA:29,1
DA:30,1
DA:31,1
LF:31
LH:31
BRDA:16,0,0,7
BRDA:29,1,0,6
BRF:2
BRH:2
end_of_record
